<?xml version="1.0" encoding="UTF-8"?>
<coverage generated="1524963349208" clover="3.2.0">
  <project timestamp="1524963349208" name="All files">
    <metrics statements="10" coveredstatements="10" conditionals="6" coveredconditionals="6" methods="4" coveredmethods="4" elements="20" coveredelements="20" complexity="0" loc="10" ncloc="10" packages="2" files="2" classes="2">
      <package name="components.message">
        <metrics statements="5" coveredstatements="5" conditionals="3" coveredconditionals="3" methods="2" coveredmethods="2"/>
        <file name="index.tsx" path="/Users/kylewarrenribant/Web/tsx-base/src/components/message/index.tsx">
          <metrics statements="5" coveredstatements="5" conditionals="3" coveredconditionals="3" methods="2" coveredmethods="2"/>
          <line num="7" count="5" type="cond" truecount="3" falsecount="0"/>
          <line num="8" count="5" type="stmt"/>
          <line num="10" count="2" type="stmt"/>
          <line num="11" count="5" type="stmt"/>
          <line num="17" count="2" type="stmt"/>
        </file>
      </package>
      <package name="pages.splash_page">
        <metrics statements="5" coveredstatements="5" conditionals="3" coveredconditionals="3" methods="2" coveredmethods="2"/>
        <file name="index.tsx" path="/Users/kylewarrenribant/Web/tsx-base/src/pages/splash_page/index.tsx">
          <metrics statements="5" coveredstatements="5" conditionals="3" coveredconditionals="3" methods="2" coveredmethods="2"/>
          <line num="8" count="2" type="cond" truecount="3" falsecount="0"/>
          <line num="9" count="2" type="stmt"/>
          <line num="11" count="1" type="stmt"/>
          <line num="12" count="2" type="stmt"/>
          <line num="22" count="1" type="stmt"/>
        </file>
      </package>
    </metrics>
  </project>
</coverage>
