{"/Users/kylewarrenribant/Web/tsx-base/src/foo.ts": {"path":"/Users/kylewarrenribant/Web/tsx-base/src/foo.ts","statementMap":{"0":{"start":{"line":2,"column":2},"end":{"line":3,"column":38}},"1":{"start":{"line":2,"column":3},"end":{"line":2,"column":16}},"2":{"start":{"line":2,"column":3},"end":{"line":2,"column":17}},"3":{"start":{"line":3,"column":2},"end":{"line":3,"column":38}},"4":{"start":{"line":3,"column":25},"end":{"line":3,"column":34}}},"fnMap":{"0":{"name":"(anonymous_0)","decl":{"start":{"line":2,"column":2},"end":{"line":null,"column":-1}},"loc":{"start":{"line":2,"column":2},"end":{"line":3,"column":38}}},"1":{"name":"(anonymous_1)","decl":{"start":{"line":3,"column":11},"end":{"line":3,"column":11}},"loc":{"start":{"line":3,"column":20},"end":{"line":3,"column":34}}}},"branchMap":{},"s":{"0":1,"1":2,"2":2,"3":2,"4":2},"f":{"0":2,"1":2},"b":{}}
,"/Users/kylewarrenribant/Web/tsx-base/src/components/App.tsx": {"path":"/Users/kylewarrenribant/Web/tsx-base/src/components/App.tsx","statementMap":{"0":{"start":{"line":5,"column":26},"end":{"line":5,"column":33}},"1":{"start":{"line":6,"column":4},"end":{"line":6,"column":36}}},"fnMap":{"0":{"name":"(anonymous_0)","decl":{"start":{"line":5,"column":14},"end":{"line":5,"column":23}},"loc":{"start":{"line":5,"column":45},"end":{"line":7,"column":1}}}},"branchMap":{},"s":{"0":2,"1":2},"f":{"0":2},"b":{}}
}
