{"/Users/kylewarrenribant/Web/tsx-base/src/components/message/index.tsx": {"path":"/Users/kylewarrenribant/Web/tsx-base/src/components/message/index.tsx","statementMap":{"0":{"start":{"line":7,"column":0},"end":{"line":7,"column":44}},"1":{"start":{"line":7,"column":29},"end":{"line":7,"column":62}},"2":{"start":{"line":7,"column":0},"end":{"line":17,"column":0}},"3":{"start":{"line":8,"column":10},"end":{"line":8,"column":35}},"4":{"start":{"line":10,"column":9},"end":{"line":16,"column":3}},"5":{"start":{"line":11,"column":4},"end":{"line":15,"column":5}},"6":{"start":{"line":17,"column":0},"end":{"line":17,"column":1}}},"fnMap":{"0":{"name":"(anonymous_5)","decl":{"start":{"line":7,"column":0},"end":{"line":null,"column":-1}},"loc":{"start":{"line":7,"column":0},"end":{"line":7,"column":-1}}},"1":{"name":"(anonymous_7)","decl":{"start":{"line":10,"column":2},"end":{"line":null,"column":-1}},"loc":{"start":{"line":10,"column":2},"end":{"line":16,"column":3}}}},"branchMap":{"0":{"loc":{"start":{"line":7,"column":0},"end":{"line":17,"column":0}},"type":"binary-expr","locations":[{"start":{"line":7,"column":0},"end":{"line":17,"column":0}},{"start":{"line":7,"column":0},"end":{"line":17,"column":0}},{"start":{"line":7,"column":0},"end":{"line":17,"column":0}}]}},"s":{"0":2,"1":2,"2":5,"3":5,"4":2,"5":5,"6":2},"f":{"0":7,"1":5},"b":{"0":[5,5,5]}}
,"/Users/kylewarrenribant/Web/tsx-base/src/pages/splash_page/index.tsx": {"path":"/Users/kylewarrenribant/Web/tsx-base/src/pages/splash_page/index.tsx","statementMap":{"0":{"start":{"line":8,"column":0},"end":{"line":8,"column":47}},"1":{"start":{"line":8,"column":32},"end":{"line":8,"column":68}},"2":{"start":{"line":8,"column":0},"end":{"line":22,"column":0}},"3":{"start":{"line":9,"column":10},"end":{"line":9,"column":39}},"4":{"start":{"line":11,"column":9},"end":{"line":21,"column":3}},"5":{"start":{"line":12,"column":4},"end":{"line":20,"column":5}},"6":{"start":{"line":22,"column":0},"end":{"line":22,"column":1}}},"fnMap":{"0":{"name":"(anonymous_5)","decl":{"start":{"line":8,"column":0},"end":{"line":null,"column":-1}},"loc":{"start":{"line":8,"column":0},"end":{"line":8,"column":-1}}},"1":{"name":"(anonymous_7)","decl":{"start":{"line":11,"column":2},"end":{"line":null,"column":-1}},"loc":{"start":{"line":11,"column":2},"end":{"line":21,"column":3}}}},"branchMap":{"0":{"loc":{"start":{"line":8,"column":0},"end":{"line":22,"column":0}},"type":"binary-expr","locations":[{"start":{"line":8,"column":0},"end":{"line":22,"column":0}},{"start":{"line":8,"column":0},"end":{"line":22,"column":0}},{"start":{"line":8,"column":0},"end":{"line":22,"column":0}}]}},"s":{"0":1,"1":1,"2":2,"3":2,"4":1,"5":2,"6":1},"f":{"0":3,"1":2},"b":{"0":[2,2,2]}}
}
