TN:
SF:/Users/kylewarrenribant/Web/tsx-base/src/components/message/index.tsx
FN:7,(anonymous_5)
FN:10,(anonymous_7)
FNF:2
FNH:2
FNDA:7,(anonymous_5)
FNDA:5,(anonymous_7)
DA:7,5
DA:8,5
DA:10,2
DA:11,5
DA:17,2
LF:5
LH:5
BRDA:7,0,0,5
BRDA:7,0,1,5
BRDA:7,0,2,5
BRF:3
BRH:3
end_of_record
TN:
SF:/Users/kylewarrenribant/Web/tsx-base/src/pages/splash_page/index.tsx
FN:8,(anonymous_5)
FN:11,(anonymous_7)
FNF:2
FNH:2
FNDA:3,(anonymous_5)
FNDA:2,(anonymous_7)
DA:8,2
DA:9,2
DA:11,1
DA:12,2
DA:22,1
LF:5
LH:5
BRDA:8,0,0,2
BRDA:8,0,1,2
BRDA:8,0,2,2
BRF:3
BRH:3
end_of_record
